2019-01-07 16:10:37.369  INFO 4320 --- [restartedMain] com.hcl.msa.MSARestApplication           : Starting MSARestApplication on user1-PC with PID 4320 (Y:\Desktop\MSA\MSARestService\target\classes started by user1 in Y:\Desktop\MSA\MSARestService)
2019-01-07 16:10:37.380 DEBUG 4320 --- [restartedMain] com.hcl.msa.MSARestApplication           : Running with Spring Boot v1.5.6.RELEASE, Spring v4.3.10.RELEASE
2019-01-07 16:10:37.383  INFO 4320 --- [restartedMain] com.hcl.msa.MSARestApplication           : No active profile set, falling back to default profiles: default
2019-01-07 16:10:38.199  INFO 4320 --- [restartedMain] ationConfigEmbeddedWebApplicationContext : Refreshing org.springframework.boot.context.embedded.AnnotationConfigEmbeddedWebApplicationContext@e62cbf7: startup date [Mon Jan 07 16:10:38 IST 2019]; root of context hierarchy
2019-01-07 16:10:52.776  INFO 4320 --- [restartedMain] trationDelegate$BeanPostProcessorChecker : Bean 'org.springframework.transaction.annotation.ProxyTransactionManagementConfiguration' of type [org.springframework.transaction.annotation.ProxyTransactionManagementConfiguration$$EnhancerBySpringCGLIB$$6f3e5f43] is not eligible for getting processed by all BeanPostProcessors (for example: not eligible for auto-proxying)
2019-01-07 16:10:56.245  INFO 4320 --- [restartedMain] s.b.c.e.t.TomcatEmbeddedServletContainer : Tomcat initialized with port(s): 9090 (http)
2019-01-07 16:10:56.313  INFO 4320 --- [restartedMain] o.apache.catalina.core.StandardService   : Starting service [Tomcat]
2019-01-07 16:10:56.332  INFO 4320 --- [restartedMain] org.apache.catalina.core.StandardEngine  : Starting Servlet Engine: Apache Tomcat/8.5.16
2019-01-07 16:10:58.723  INFO 4320 --- [localhost-startStop-1] o.a.c.c.C.[Tomcat].[localhost].[/]       : Initializing Spring embedded WebApplicationContext
2019-01-07 16:10:58.754  INFO 4320 --- [localhost-startStop-1] o.s.web.context.ContextLoader            : Root WebApplicationContext: initialization completed in 20574 ms
2019-01-07 16:10:59.752  INFO 4320 --- [localhost-startStop-1] o.s.b.w.servlet.ServletRegistrationBean  : Mapping servlet: 'dispatcherServlet' to [/]
2019-01-07 16:10:59.764  INFO 4320 --- [localhost-startStop-1] o.s.b.w.servlet.FilterRegistrationBean   : Mapping filter: 'characterEncodingFilter' to: [/*]
2019-01-07 16:10:59.766  INFO 4320 --- [localhost-startStop-1] o.s.b.w.servlet.FilterRegistrationBean   : Mapping filter: 'hiddenHttpMethodFilter' to: [/*]
2019-01-07 16:10:59.767  INFO 4320 --- [localhost-startStop-1] o.s.b.w.servlet.FilterRegistrationBean   : Mapping filter: 'httpPutFormContentFilter' to: [/*]
2019-01-07 16:10:59.768  INFO 4320 --- [localhost-startStop-1] o.s.b.w.servlet.FilterRegistrationBean   : Mapping filter: 'requestContextFilter' to: [/*]
2019-01-07 16:11:04.095  INFO 4320 --- [restartedMain] j.LocalContainerEntityManagerFactoryBean : Building JPA container EntityManagerFactory for persistence unit 'default'
2019-01-07 16:11:04.285  INFO 4320 --- [restartedMain] o.hibernate.jpa.internal.util.LogHelper  : HHH000204: Processing PersistenceUnitInfo [
	name: default
	...]
2019-01-07 16:11:05.656  INFO 4320 --- [restartedMain] org.hibernate.Version                    : HHH000412: Hibernate Core {5.0.12.Final}
2019-01-07 16:11:05.703  INFO 4320 --- [restartedMain] org.hibernate.cfg.Environment            : HHH000206: hibernate.properties not found
2019-01-07 16:11:07.465  INFO 4320 --- [restartedMain] org.hibernate.cfg.Environment            : HHH000021: Bytecode provider name : javassist
2019-01-07 16:11:07.654  INFO 4320 --- [restartedMain] o.hibernate.annotations.common.Version   : HCANN000001: Hibernate Commons Annotations {5.0.1.Final}
2019-01-07 16:11:09.092  INFO 4320 --- [restartedMain] org.hibernate.dialect.Dialect            : HHH000400: Using dialect: org.hibernate.dialect.MySQL5Dialect
2019-01-07 16:11:13.260  INFO 4320 --- [restartedMain] org.hibernate.tool.hbm2ddl.SchemaExport  : HHH000227: Running hbm2ddl schema export
2019-01-07 16:11:13.272 DEBUG 4320 --- [restartedMain] org.hibernate.SQL                        : alter table class_method_info drop foreign key FKflwik70xn6pc4gkf3hwwxkwut
2019-01-07 16:11:13.292 ERROR 4320 --- [restartedMain] org.hibernate.tool.hbm2ddl.SchemaExport  : HHH000389: Unsuccessful: alter table class_method_info drop foreign key FKflwik70xn6pc4gkf3hwwxkwut
2019-01-07 16:11:13.292 ERROR 4320 --- [restartedMain] org.hibernate.tool.hbm2ddl.SchemaExport  : Table 'msa_studio.class_method_info' doesn't exist
2019-01-07 16:11:13.294 DEBUG 4320 --- [restartedMain] org.hibernate.SQL                        : alter table method_call_hierarchy drop foreign key FKr2rrsmrtwgna4xi7m2aur60nf
2019-01-07 16:11:13.295 ERROR 4320 --- [restartedMain] org.hibernate.tool.hbm2ddl.SchemaExport  : HHH000389: Unsuccessful: alter table method_call_hierarchy drop foreign key FKr2rrsmrtwgna4xi7m2aur60nf
2019-01-07 16:11:13.296 ERROR 4320 --- [restartedMain] org.hibernate.tool.hbm2ddl.SchemaExport  : Table 'msa_studio.method_call_hierarchy' doesn't exist
2019-01-07 16:11:13.297 DEBUG 4320 --- [restartedMain] org.hibernate.SQL                        : drop table if exists class_info
2019-01-07 16:11:13.299 DEBUG 4320 --- [restartedMain] org.hibernate.SQL                        : drop table if exists class_method_info
2019-01-07 16:11:13.301 DEBUG 4320 --- [restartedMain] org.hibernate.SQL                        : drop table if exists dependency_info
2019-01-07 16:11:13.304 DEBUG 4320 --- [restartedMain] org.hibernate.SQL                        : drop table if exists job
2019-01-07 16:11:13.315 DEBUG 4320 --- [restartedMain] org.hibernate.SQL                        : drop table if exists method_call_hierarchy
2019-01-07 16:11:13.317 DEBUG 4320 --- [restartedMain] org.hibernate.SQL                        : drop table if exists project
2019-01-07 16:11:13.321 DEBUG 4320 --- [restartedMain] org.hibernate.SQL                        : drop table if exists project_file_info
2019-01-07 16:11:13.325 DEBUG 4320 --- [restartedMain] org.hibernate.SQL                        : drop table if exists project_setting
2019-01-07 16:11:13.327 DEBUG 4320 --- [restartedMain] org.hibernate.SQL                        : create table class_info (class_id integer not null auto_increment, annotations varchar(255), bean_type varchar(255), class_name varchar(255), import_stmnts varchar(255), instance_var varchar(2000), interfaces varchar(1000), loc varchar(255), no_of_methods varchar(255), package_name varchar(1000), project_id varchar(255), proposed_services varchar(255), queries varchar(255), session_attributes varchar(255), source_code varchar(45000), sterio_type varchar(255), super_class varchar(1000), table_nm varchar(255), primary key (class_id))
2019-01-07 16:11:13.398 DEBUG 4320 --- [restartedMain] org.hibernate.SQL                        : create table class_method_info (id integer not null auto_increment, method_annotations varchar(255), loc varchar(255), method_body varchar(60000), method_name varchar(255), method_params varchar(1000), method_signature varchar(500), no_of_params varchar(255), return_type varchar(255), session_attributes varchar(255), class_id integer, primary key (id))
2019-01-07 16:11:13.455 DEBUG 4320 --- [restartedMain] org.hibernate.SQL                        : create table dependency_info (id integer not null auto_increment, dependency_lib varchar(255), dependency_nm varchar(255), dependency_version varchar(255), project_id varchar(255), primary key (id))
2019-01-07 16:11:13.529 DEBUG 4320 --- [restartedMain] org.hibernate.SQL                        : create table job (job_id varchar(255) not null, additional_info varchar(255), created_time varchar(255), job_name varchar(255), job_type varchar(255), project_id varchar(255), project_name varchar(255), status varchar(255), updated_time varchar(255), primary key (job_id))
2019-01-07 16:11:13.585 DEBUG 4320 --- [restartedMain] org.hibernate.SQL                        : create table method_call_hierarchy (id integer not null auto_increment, compensating_service varchar(255), integration_comp varchar(255), method_ref varchar(255), method_ref_params varchar(255), method_sequence varchar(255), object_ref varchar(255), object_ref_defined_in varchar(255), proposed_service varchar(255), table_names varchar(255), technology varchar(255), method_id integer, primary key (id))
2019-01-07 16:11:15.192 DEBUG 4320 --- [restartedMain] org.hibernate.SQL                        : create table project (project_id varchar(255) not null, created_by varchar(255), created_time date, modified_by varchar(255), modified_time date, project_name varchar(255), source_zip_location varchar(1000), source_zip_name varchar(255), status varchar(255), technology_id integer, primary key (project_id))
2019-01-07 16:11:15.269 DEBUG 4320 --- [restartedMain] org.hibernate.SQL                        : create table project_file_info (id integer not null auto_increment, file_extn varchar(255), file_name varchar(255), file_path varchar(1000), project_id varchar(255), primary key (id))
2019-01-07 16:11:15.306 DEBUG 4320 --- [restartedMain] org.hibernate.SQL                        : create table project_setting (project_name varchar(100) not null, created_by varchar(255), technology_id integer, primary key (project_name))
2019-01-07 16:11:15.387 DEBUG 4320 --- [restartedMain] org.hibernate.SQL                        : alter table class_method_info add constraint FKflwik70xn6pc4gkf3hwwxkwut foreign key (class_id) references class_info (class_id)
2019-01-07 16:11:15.661 DEBUG 4320 --- [restartedMain] org.hibernate.SQL                        : alter table method_call_hierarchy add constraint FKr2rrsmrtwgna4xi7m2aur60nf foreign key (method_id) references class_method_info (id)
2019-01-07 16:11:15.894  INFO 4320 --- [restartedMain] org.hibernate.tool.hbm2ddl.SchemaExport  : HHH000230: Schema export complete
2019-01-07 16:11:16.030  INFO 4320 --- [restartedMain] j.LocalContainerEntityManagerFactoryBean : Initialized JPA EntityManagerFactory for persistence unit 'default'
2019-01-07 16:11:17.190  INFO 4320 --- [restartedMain] o.h.h.i.QueryTranslatorFactoryInitiator  : HHH000397: Using ASTQueryTranslatorFactory
2019-01-07 16:11:23.273  INFO 4320 --- [restartedMain] s.w.s.m.m.a.RequestMappingHandlerMapping : Mapped "{[/msa/classinfo/{name}/{packageName}],methods=[GET]}" onto public org.springframework.http.ResponseEntity<com.hcl.msa.entity.ClassInfo> com.hcl.msa.controller.ClassInfoController.getClassInfoByNameAndPackage(java.lang.String,java.lang.String)
2019-01-07 16:11:23.276  INFO 4320 --- [restartedMain] s.w.s.m.m.a.RequestMappingHandlerMapping : Mapped "{[/msa/classinfos/{projectId}],methods=[GET]}" onto public org.springframework.http.ResponseEntity<java.util.List<com.hcl.msa.entity.ClassInfo>> com.hcl.msa.controller.ClassInfoController.getClassInfoByProjectId(java.lang.String)
2019-01-07 16:11:23.278  INFO 4320 --- [restartedMain] s.w.s.m.m.a.RequestMappingHandlerMapping : Mapped "{[/msa/updateSequences/{projectId}],methods=[GET]}" onto public org.springframework.http.ResponseEntity<java.util.List<com.hcl.msa.entity.ClassInfo>> com.hcl.msa.controller.ClassInfoController.updateCallSequences(java.lang.String)
2019-01-07 16:11:23.279  INFO 4320 --- [restartedMain] s.w.s.m.m.a.RequestMappingHandlerMapping : Mapped "{[/msa/classinfo],methods=[PUT]}" onto public org.springframework.http.ResponseEntity<com.hcl.msa.entity.ClassInfo> com.hcl.msa.controller.ClassInfoController.updateClassInfo(com.hcl.msa.entity.ClassInfo)
2019-01-07 16:11:23.281  INFO 4320 --- [restartedMain] s.w.s.m.m.a.RequestMappingHandlerMapping : Mapped "{[/msa/classinfo/{id}],methods=[DELETE]}" onto public org.springframework.http.ResponseEntity<java.lang.Void> com.hcl.msa.controller.ClassInfoController.deleteClassInfo(java.lang.Integer)
2019-01-07 16:11:23.283  INFO 4320 --- [restartedMain] s.w.s.m.m.a.RequestMappingHandlerMapping : Mapped "{[/msa/classinfos],methods=[GET]}" onto public org.springframework.http.ResponseEntity<java.util.List<com.hcl.msa.entity.ClassInfo>> com.hcl.msa.controller.ClassInfoController.getAllClassInfos()
2019-01-07 16:11:23.285  INFO 4320 --- [restartedMain] s.w.s.m.m.a.RequestMappingHandlerMapping : Mapped "{[/msa/classinfo/{id}],methods=[GET]}" onto public org.springframework.http.ResponseEntity<com.hcl.msa.entity.ClassInfo> com.hcl.msa.controller.ClassInfoController.getClassInfoById(java.lang.Integer)
2019-01-07 16:11:23.286  INFO 4320 --- [restartedMain] s.w.s.m.m.a.RequestMappingHandlerMapping : Mapped "{[/msa/classinfo],methods=[POST]}" onto public org.springframework.http.ResponseEntity<java.lang.Integer> com.hcl.msa.controller.ClassInfoController.addClassInfo(com.hcl.msa.entity.ClassInfo,org.springframework.web.util.UriComponentsBuilder)
2019-01-07 16:11:23.288  INFO 4320 --- [restartedMain] s.w.s.m.m.a.RequestMappingHandlerMapping : Mapped "{[/msa/{projectId}/sterioType/{sterioTypeValue}],methods=[GET]}" onto public org.springframework.http.ResponseEntity<java.util.List<com.hcl.msa.entity.ClassInfo>> com.hcl.msa.controller.ClassInfoController.getClassInfoByProjectAndSterioType(java.lang.String,java.lang.String)
2019-01-07 16:11:23.288  INFO 4320 --- [restartedMain] s.w.s.m.m.a.RequestMappingHandlerMapping : Mapped "{[/msa/classinfos/{projectId}/sessionInfo],methods=[GET]}" onto public org.springframework.http.ResponseEntity<java.util.List<com.hcl.msa.entity.ClassInfo>> com.hcl.msa.controller.ClassInfoController.getClassInfoByProjectAndSterioType(java.lang.String)
2019-01-07 16:11:23.289  INFO 4320 --- [restartedMain] s.w.s.m.m.a.RequestMappingHandlerMapping : Mapped "{[/msa/{projectId}/sterioTypes/{sterioTypeValues}],methods=[GET]}" onto public org.springframework.http.ResponseEntity<java.util.List<com.hcl.msa.entity.ClassInfo>> com.hcl.msa.controller.ClassInfoController.getClassInfoByProjectAndSterioTypeList(java.lang.String,java.lang.String[])
2019-01-07 16:11:23.290  INFO 4320 --- [restartedMain] s.w.s.m.m.a.RequestMappingHandlerMapping : Mapped "{[/msa/classinfos/{projectId}/transactionInfo],methods=[GET]}" onto public org.springframework.http.ResponseEntity<java.util.List<com.hcl.msa.entity.ClassInfo>> com.hcl.msa.controller.ClassInfoController.getClassInfoByProjectAndTransaction(java.lang.String)
2019-01-07 16:11:23.295  INFO 4320 --- [restartedMain] s.w.s.m.m.a.RequestMappingHandlerMapping : Mapped "{[/msa/classinfos/{projectId}/integrationInfo],methods=[GET]}" onto public org.springframework.http.ResponseEntity<java.util.List<com.hcl.msa.entity.ClassInfo>> com.hcl.msa.controller.ClassInfoController.getClassInfoByProjectAndIntegrationComp(java.lang.String)
2019-01-07 16:11:23.306  INFO 4320 --- [restartedMain] s.w.s.m.m.a.RequestMappingHandlerMapping : Mapped "{[/msa/classinfo/{projectId}/getSource/{className}],methods=[GET]}" onto public org.springframework.http.ResponseEntity<java.util.List<com.hcl.msa.entity.ClassInfo>> com.hcl.msa.controller.ClassInfoController.getClassSourceByProjectIdAndClassName(java.lang.String,java.lang.String)
2019-01-07 16:11:23.310  INFO 4320 --- [restartedMain] s.w.s.m.m.a.RequestMappingHandlerMapping : Mapped "{[/msa/dependencyInfo/{projectId}],methods=[GET]}" onto public org.springframework.http.ResponseEntity<java.util.List<com.hcl.msa.entity.DependencyInfo>> com.hcl.msa.controller.DependencyInfoController.getDependencyInfo(java.lang.String)
2019-01-07 16:11:23.311  INFO 4320 --- [restartedMain] s.w.s.m.m.a.RequestMappingHandlerMapping : Mapped "{[/msa/dependencyInfo],methods=[POST]}" onto public org.springframework.http.ResponseEntity<java.lang.String> com.hcl.msa.controller.DependencyInfoController.addDependencyInfo(java.util.List<com.hcl.msa.entity.DependencyInfo>,org.springframework.web.util.UriComponentsBuilder)
2019-01-07 16:11:23.321  INFO 4320 --- [restartedMain] s.w.s.m.m.a.RequestMappingHandlerMapping : Mapped "{[/msa/projects/{projectId}],methods=[GET]}" onto public org.springframework.http.ResponseEntity<java.util.List<com.hcl.msa.entity.Job>> com.hcl.msa.controller.JobController.getAllJobsByProjectId(java.lang.String)
2019-01-07 16:11:23.324  INFO 4320 --- [restartedMain] s.w.s.m.m.a.RequestMappingHandlerMapping : Mapped "{[/msa/jobs],methods=[GET]}" onto public org.springframework.http.ResponseEntity<java.util.List<com.hcl.msa.entity.Job>> com.hcl.msa.controller.JobController.getAllJobs()
2019-01-07 16:11:23.326  INFO 4320 --- [restartedMain] s.w.s.m.m.a.RequestMappingHandlerMapping : Mapped "{[/msa/job],methods=[POST],produces=[application/json]}" onto public org.springframework.http.ResponseEntity<?> com.hcl.msa.controller.JobController.addProject(com.hcl.msa.entity.Job)
2019-01-07 16:11:23.327  INFO 4320 --- [restartedMain] s.w.s.m.m.a.RequestMappingHandlerMapping : Mapped "{[/msa/job],methods=[PUT],produces=[application/json]}" onto public org.springframework.http.ResponseEntity<?> com.hcl.msa.controller.JobController.updateJobInfo(com.hcl.msa.entity.Job)
2019-01-07 16:11:23.361  INFO 4320 --- [restartedMain] s.w.s.m.m.a.RequestMappingHandlerMapping : Mapped "{[/msa/technologies],methods=[GET]}" onto public org.springframework.http.ResponseEntity<java.util.List<com.hcl.msa.entity.TechnologyInfo>> com.hcl.msa.controller.ProjectController.getAllTechnologies()
2019-01-07 16:11:23.366  INFO 4320 --- [restartedMain] s.w.s.m.m.a.RequestMappingHandlerMapping : Mapped "{[/msa/projectSetting],methods=[POST]}" onto public org.springframework.http.ResponseEntity<java.lang.String> com.hcl.msa.controller.ProjectController.addProjectSetting(com.hcl.msa.entity.ProjectSetting,org.springframework.web.util.UriComponentsBuilder)
2019-01-07 16:11:23.369  INFO 4320 --- [restartedMain] s.w.s.m.m.a.RequestMappingHandlerMapping : Mapped "{[/msa/projectSetting/{projectName}],methods=[GET]}" onto public org.springframework.http.ResponseEntity<com.hcl.msa.entity.ProjectSetting> com.hcl.msa.controller.ProjectController.getProjectSetting(java.lang.String,org.springframework.web.util.UriComponentsBuilder)
2019-01-07 16:11:23.375  INFO 4320 --- [restartedMain] s.w.s.m.m.a.RequestMappingHandlerMapping : Mapped "{[/msa/project],methods=[POST]}" onto public org.springframework.http.ResponseEntity<java.lang.String> com.hcl.msa.controller.ProjectController.addProject(com.hcl.msa.entity.Project,org.springframework.web.util.UriComponentsBuilder)
2019-01-07 16:11:23.383  INFO 4320 --- [restartedMain] s.w.s.m.m.a.RequestMappingHandlerMapping : Mapped "{[/msa/projects],methods=[GET]}" onto public org.springframework.http.ResponseEntity<java.util.List<com.hcl.msa.entity.Project>> com.hcl.msa.controller.ProjectController.getAllProjects()
2019-01-07 16:11:23.393  INFO 4320 --- [restartedMain] s.w.s.m.m.a.RequestMappingHandlerMapping : Mapped "{[/msa/projectFileInfo],methods=[POST]}" onto public org.springframework.http.ResponseEntity<java.lang.String> com.hcl.msa.controller.ProjectFileInfoController.addProjectFileInfo(java.util.List<com.hcl.msa.entity.ProjectFileInfo>,org.springframework.web.util.UriComponentsBuilder)
2019-01-07 16:11:23.399  INFO 4320 --- [restartedMain] s.w.s.m.m.a.RequestMappingHandlerMapping : Mapped "{[/v2/api-docs],methods=[GET],produces=[application/json || application/hal+json]}" onto public org.springframework.http.ResponseEntity<springfox.documentation.spring.web.json.Json> springfox.documentation.swagger2.web.Swagger2Controller.getDocumentation(java.lang.String,javax.servlet.http.HttpServletRequest)
2019-01-07 16:11:23.407  INFO 4320 --- [restartedMain] s.w.s.m.m.a.RequestMappingHandlerMapping : Mapped "{[/configuration/ui]}" onto org.springframework.http.ResponseEntity<springfox.documentation.swagger.web.UiConfiguration> springfox.documentation.swagger.web.ApiResourceController.uiConfiguration()
2019-01-07 16:11:23.411  INFO 4320 --- [restartedMain] s.w.s.m.m.a.RequestMappingHandlerMapping : Mapped "{[/swagger-resources]}" onto org.springframework.http.ResponseEntity<java.util.List<springfox.documentation.swagger.web.SwaggerResource>> springfox.documentation.swagger.web.ApiResourceController.swaggerResources()
2019-01-07 16:11:23.419  INFO 4320 --- [restartedMain] s.w.s.m.m.a.RequestMappingHandlerMapping : Mapped "{[/configuration/security]}" onto org.springframework.http.ResponseEntity<springfox.documentation.swagger.web.SecurityConfiguration> springfox.documentation.swagger.web.ApiResourceController.securityConfiguration()
2019-01-07 16:11:23.437  INFO 4320 --- [restartedMain] s.w.s.m.m.a.RequestMappingHandlerMapping : Mapped "{[/error]}" onto public org.springframework.http.ResponseEntity<java.util.Map<java.lang.String, java.lang.Object>> org.springframework.boot.autoconfigure.web.BasicErrorController.error(javax.servlet.http.HttpServletRequest)
2019-01-07 16:11:23.442  INFO 4320 --- [restartedMain] s.w.s.m.m.a.RequestMappingHandlerMapping : Mapped "{[/error],produces=[text/html]}" onto public org.springframework.web.servlet.ModelAndView org.springframework.boot.autoconfigure.web.BasicErrorController.errorHtml(javax.servlet.http.HttpServletRequest,javax.servlet.http.HttpServletResponse)
2019-01-07 16:11:28.092  INFO 4320 --- [restartedMain] s.w.s.m.m.a.RequestMappingHandlerAdapter : Looking for @ControllerAdvice: org.springframework.boot.context.embedded.AnnotationConfigEmbeddedWebApplicationContext@e62cbf7: startup date [Mon Jan 07 16:10:38 IST 2019]; root of context hierarchy
2019-01-07 16:11:29.208  INFO 4320 --- [restartedMain] o.s.w.s.handler.SimpleUrlHandlerMapping  : Mapped URL path [/webjars/**] onto handler of type [class org.springframework.web.servlet.resource.ResourceHttpRequestHandler]
2019-01-07 16:11:29.210  INFO 4320 --- [restartedMain] o.s.w.s.handler.SimpleUrlHandlerMapping  : Mapped URL path [/**] onto handler of type [class org.springframework.web.servlet.resource.ResourceHttpRequestHandler]
2019-01-07 16:11:29.602  INFO 4320 --- [restartedMain] o.s.w.s.handler.SimpleUrlHandlerMapping  : Mapped URL path [/**/favicon.ico] onto handler of type [class org.springframework.web.servlet.resource.ResourceHttpRequestHandler]
2019-01-07 16:11:30.570  INFO 4320 --- [restartedMain] o.s.b.d.a.OptionalLiveReloadServer       : LiveReload server is running on port 35729
2019-01-07 16:11:30.711  INFO 4320 --- [restartedMain] o.s.j.e.a.AnnotationMBeanExporter        : Registering beans for JMX exposure on startup
2019-01-07 16:11:30.755  INFO 4320 --- [restartedMain] d.s.w.p.DocumentationPluginsBootstrapper : Context refreshed
2019-01-07 16:11:30.824  INFO 4320 --- [restartedMain] d.s.w.p.DocumentationPluginsBootstrapper : Found 1 custom documentation plugin(s)
2019-01-07 16:11:30.854  INFO 4320 --- [restartedMain] s.d.s.w.s.ApiListingReferenceScanner     : Scanning for api listing references
2019-01-07 16:11:31.423  INFO 4320 --- [restartedMain] .d.s.w.r.o.CachingOperationNameGenerator : Generating unique operation named: getClassInfoByProjectAndSterioTypeUsingGET_1
2019-01-07 16:11:31.710  INFO 4320 --- [restartedMain] .d.s.w.r.o.CachingOperationNameGenerator : Generating unique operation named: addProjectUsingPOST_1
2019-01-07 16:11:32.041  INFO 4320 --- [restartedMain] s.b.c.e.t.TomcatEmbeddedServletContainer : Tomcat started on port(s): 9090 (http)
2019-01-07 16:11:32.060  INFO 4320 --- [restartedMain] com.hcl.msa.MSARestApplication           : Started MSARestApplication in 57.866 seconds (JVM running for 59.454)
2019-01-07 16:48:47.430  INFO 3348 --- [restartedMain] com.hcl.msa.MSARestApplication           : Starting MSARestApplication on user1-PC with PID 3348 (Y:\Desktop\MSA\MSARestService\target\classes started by user1 in Y:\Desktop\MSA\MSARestService)
2019-01-07 16:48:47.441 DEBUG 3348 --- [restartedMain] com.hcl.msa.MSARestApplication           : Running with Spring Boot v1.5.6.RELEASE, Spring v4.3.10.RELEASE
2019-01-07 16:48:47.444  INFO 3348 --- [restartedMain] com.hcl.msa.MSARestApplication           : No active profile set, falling back to default profiles: default
2019-01-07 16:48:48.298  INFO 3348 --- [restartedMain] ationConfigEmbeddedWebApplicationContext : Refreshing org.springframework.boot.context.embedded.AnnotationConfigEmbeddedWebApplicationContext@47ad4d20: startup date [Mon Jan 07 16:48:48 IST 2019]; root of context hierarchy
2019-01-07 16:49:04.587  INFO 3348 --- [restartedMain] trationDelegate$BeanPostProcessorChecker : Bean 'org.springframework.transaction.annotation.ProxyTransactionManagementConfiguration' of type [org.springframework.transaction.annotation.ProxyTransactionManagementConfiguration$$EnhancerBySpringCGLIB$$15e800a5] is not eligible for getting processed by all BeanPostProcessors (for example: not eligible for auto-proxying)
2019-01-07 16:49:05.639  INFO 3348 --- [restartedMain] s.b.c.e.t.TomcatEmbeddedServletContainer : Tomcat initialized with port(s): 9090 (http)
2019-01-07 16:49:05.674  INFO 3348 --- [restartedMain] o.apache.catalina.core.StandardService   : Starting service [Tomcat]
2019-01-07 16:49:05.678  INFO 3348 --- [restartedMain] org.apache.catalina.core.StandardEngine  : Starting Servlet Engine: Apache Tomcat/8.5.16
2019-01-07 16:49:06.404  INFO 3348 --- [localhost-startStop-1] o.a.c.c.C.[Tomcat].[localhost].[/]       : Initializing Spring embedded WebApplicationContext
2019-01-07 16:49:06.405  INFO 3348 --- [localhost-startStop-1] o.s.web.context.ContextLoader            : Root WebApplicationContext: initialization completed in 18140 ms
2019-01-07 16:49:08.009  INFO 3348 --- [localhost-startStop-1] o.s.b.w.servlet.ServletRegistrationBean  : Mapping servlet: 'dispatcherServlet' to [/]
2019-01-07 16:49:08.046  INFO 3348 --- [localhost-startStop-1] o.s.b.w.servlet.FilterRegistrationBean   : Mapping filter: 'characterEncodingFilter' to: [/*]
2019-01-07 16:49:08.055  INFO 3348 --- [localhost-startStop-1] o.s.b.w.servlet.FilterRegistrationBean   : Mapping filter: 'hiddenHttpMethodFilter' to: [/*]
2019-01-07 16:49:08.063  INFO 3348 --- [localhost-startStop-1] o.s.b.w.servlet.FilterRegistrationBean   : Mapping filter: 'httpPutFormContentFilter' to: [/*]
2019-01-07 16:49:08.071  INFO 3348 --- [localhost-startStop-1] o.s.b.w.servlet.FilterRegistrationBean   : Mapping filter: 'requestContextFilter' to: [/*]
2019-01-07 16:49:11.445  INFO 3348 --- [restartedMain] j.LocalContainerEntityManagerFactoryBean : Building JPA container EntityManagerFactory for persistence unit 'default'
2019-01-07 16:49:11.488  INFO 3348 --- [restartedMain] o.hibernate.jpa.internal.util.LogHelper  : HHH000204: Processing PersistenceUnitInfo [
	name: default
	...]
2019-01-07 16:49:11.993  INFO 3348 --- [restartedMain] org.hibernate.Version                    : HHH000412: Hibernate Core {5.0.12.Final}
2019-01-07 16:49:11.998  INFO 3348 --- [restartedMain] org.hibernate.cfg.Environment            : HHH000206: hibernate.properties not found
2019-01-07 16:49:12.004  INFO 3348 --- [restartedMain] org.hibernate.cfg.Environment            : HHH000021: Bytecode provider name : javassist
2019-01-07 16:49:12.157  INFO 3348 --- [restartedMain] o.hibernate.annotations.common.Version   : HCANN000001: Hibernate Commons Annotations {5.0.1.Final}
2019-01-07 16:49:13.931  INFO 3348 --- [restartedMain] org.hibernate.dialect.Dialect            : HHH000400: Using dialect: org.hibernate.dialect.MySQL5Dialect
2019-01-07 16:49:17.436  INFO 3348 --- [restartedMain] org.hibernate.tool.hbm2ddl.SchemaExport  : HHH000227: Running hbm2ddl schema export
2019-01-07 16:49:17.449 DEBUG 3348 --- [restartedMain] org.hibernate.SQL                        : alter table class_method_info drop foreign key FKflwik70xn6pc4gkf3hwwxkwut
2019-01-07 16:49:17.532 DEBUG 3348 --- [restartedMain] org.hibernate.SQL                        : alter table method_call_hierarchy drop foreign key FKr2rrsmrtwgna4xi7m2aur60nf
2019-01-07 16:49:17.558 DEBUG 3348 --- [restartedMain] org.hibernate.SQL                        : drop table if exists class_info
2019-01-07 16:49:17.619 DEBUG 3348 --- [restartedMain] org.hibernate.SQL                        : drop table if exists class_method_info
2019-01-07 16:49:17.694 DEBUG 3348 --- [restartedMain] org.hibernate.SQL                        : drop table if exists dependency_info
2019-01-07 16:49:17.798 DEBUG 3348 --- [restartedMain] org.hibernate.SQL                        : drop table if exists job
2019-01-07 16:49:17.854 DEBUG 3348 --- [restartedMain] org.hibernate.SQL                        : drop table if exists method_call_hierarchy
2019-01-07 16:49:17.896 DEBUG 3348 --- [restartedMain] org.hibernate.SQL                        : drop table if exists project
2019-01-07 16:49:17.924 DEBUG 3348 --- [restartedMain] org.hibernate.SQL                        : drop table if exists project_file_info
2019-01-07 16:49:18.014 DEBUG 3348 --- [restartedMain] org.hibernate.SQL                        : drop table if exists project_setting
2019-01-07 16:49:18.110 DEBUG 3348 --- [restartedMain] org.hibernate.SQL                        : create table class_info (class_id integer not null auto_increment, annotations varchar(255), bean_type varchar(255), class_name varchar(255), import_stmnts varchar(255), instance_var varchar(2000), interfaces varchar(1000), loc varchar(255), no_of_methods varchar(255), package_name varchar(1000), project_id varchar(255), proposed_services varchar(255), queries varchar(255), session_attributes varchar(255), source_code varchar(45000), sterio_type varchar(255), super_class varchar(1000), table_nm varchar(255), primary key (class_id))
2019-01-07 16:49:18.264 DEBUG 3348 --- [restartedMain] org.hibernate.SQL                        : create table class_method_info (id integer not null auto_increment, method_annotations varchar(255), loc varchar(255), method_body varchar(60000), method_name varchar(255), method_params varchar(1000), method_signature varchar(500), no_of_params varchar(255), return_type varchar(255), session_attributes varchar(255), class_id integer, primary key (id))
2019-01-07 16:49:18.356 DEBUG 3348 --- [restartedMain] org.hibernate.SQL                        : create table dependency_info (id integer not null auto_increment, dependency_lib varchar(255), dependency_nm varchar(255), dependency_version varchar(255), project_id varchar(255), primary key (id))
2019-01-07 16:49:18.381 DEBUG 3348 --- [restartedMain] org.hibernate.SQL                        : create table job (job_id varchar(255) not null, additional_info varchar(255), created_time varchar(255), job_name varchar(255), job_type varchar(255), project_id varchar(255), project_name varchar(255), status varchar(255), updated_time varchar(255), primary key (job_id))
2019-01-07 16:49:18.949 DEBUG 3348 --- [restartedMain] org.hibernate.SQL                        : create table method_call_hierarchy (id integer not null auto_increment, compensating_service varchar(255), integration_comp varchar(255), method_ref varchar(255), method_ref_params varchar(255), method_sequence varchar(255), object_ref varchar(255), object_ref_defined_in varchar(255), proposed_service varchar(255), table_names varchar(255), technology varchar(255), method_id integer, primary key (id))
2019-01-07 16:49:19.012 DEBUG 3348 --- [restartedMain] org.hibernate.SQL                        : create table project (project_id varchar(255) not null, created_by varchar(255), created_time date, modified_by varchar(255), modified_time date, project_name varchar(255), source_zip_location varchar(1000), source_zip_name varchar(255), status varchar(255), technology_id integer, primary key (project_id))
2019-01-07 16:49:19.078 DEBUG 3348 --- [restartedMain] org.hibernate.SQL                        : create table project_file_info (id integer not null auto_increment, file_extn varchar(255), file_name varchar(255), file_path varchar(1000), project_id varchar(255), primary key (id))
2019-01-07 16:49:19.133 DEBUG 3348 --- [restartedMain] org.hibernate.SQL                        : create table project_setting (project_name varchar(100) not null, created_by varchar(255), technology_id integer, primary key (project_name))
2019-01-07 16:49:19.190 DEBUG 3348 --- [restartedMain] org.hibernate.SQL                        : alter table class_method_info add constraint FKflwik70xn6pc4gkf3hwwxkwut foreign key (class_id) references class_info (class_id)
2019-01-07 16:49:19.366 DEBUG 3348 --- [restartedMain] org.hibernate.SQL                        : alter table method_call_hierarchy add constraint FKr2rrsmrtwgna4xi7m2aur60nf foreign key (method_id) references class_method_info (id)
2019-01-07 16:49:19.603  INFO 3348 --- [restartedMain] org.hibernate.tool.hbm2ddl.SchemaExport  : HHH000230: Schema export complete
2019-01-07 16:49:20.094  INFO 3348 --- [restartedMain] j.LocalContainerEntityManagerFactoryBean : Initialized JPA EntityManagerFactory for persistence unit 'default'
2019-01-07 16:49:22.659  INFO 3348 --- [restartedMain] o.h.h.i.QueryTranslatorFactoryInitiator  : HHH000397: Using ASTQueryTranslatorFactory
2019-01-07 16:49:24.526  INFO 3348 --- [restartedMain] s.w.s.m.m.a.RequestMappingHandlerMapping : Mapped "{[/msa/classinfo],methods=[PUT]}" onto public org.springframework.http.ResponseEntity<com.hcl.msa.entity.ClassInfo> com.hcl.msa.controller.ClassInfoController.updateClassInfo(com.hcl.msa.entity.ClassInfo)
2019-01-07 16:49:24.530  INFO 3348 --- [restartedMain] s.w.s.m.m.a.RequestMappingHandlerMapping : Mapped "{[/msa/classinfo/{id}],methods=[DELETE]}" onto public org.springframework.http.ResponseEntity<java.lang.Void> com.hcl.msa.controller.ClassInfoController.deleteClassInfo(java.lang.Integer)
2019-01-07 16:49:24.532  INFO 3348 --- [restartedMain] s.w.s.m.m.a.RequestMappingHandlerMapping : Mapped "{[/msa/classinfos],methods=[GET]}" onto public org.springframework.http.ResponseEntity<java.util.List<com.hcl.msa.entity.ClassInfo>> com.hcl.msa.controller.ClassInfoController.getAllClassInfos()
2019-01-07 16:49:24.534  INFO 3348 --- [restartedMain] s.w.s.m.m.a.RequestMappingHandlerMapping : Mapped "{[/msa/classinfo/{id}],methods=[GET]}" onto public org.springframework.http.ResponseEntity<com.hcl.msa.entity.ClassInfo> com.hcl.msa.controller.ClassInfoController.getClassInfoById(java.lang.Integer)
2019-01-07 16:49:24.536  INFO 3348 --- [restartedMain] s.w.s.m.m.a.RequestMappingHandlerMapping : Mapped "{[/msa/classinfo],methods=[POST]}" onto public org.springframework.http.ResponseEntity<java.lang.Integer> com.hcl.msa.controller.ClassInfoController.addClassInfo(com.hcl.msa.entity.ClassInfo,org.springframework.web.util.UriComponentsBuilder)
2019-01-07 16:49:24.537  INFO 3348 --- [restartedMain] s.w.s.m.m.a.RequestMappingHandlerMapping : Mapped "{[/msa/classinfos/{projectId}/sessionInfo],methods=[GET]}" onto public org.springframework.http.ResponseEntity<java.util.List<com.hcl.msa.entity.ClassInfo>> com.hcl.msa.controller.ClassInfoController.getClassInfoByProjectAndSterioType(java.lang.String)
2019-01-07 16:49:24.539  INFO 3348 --- [restartedMain] s.w.s.m.m.a.RequestMappingHandlerMapping : Mapped "{[/msa/{projectId}/sterioType/{sterioTypeValue}],methods=[GET]}" onto public org.springframework.http.ResponseEntity<java.util.List<com.hcl.msa.entity.ClassInfo>> com.hcl.msa.controller.ClassInfoController.getClassInfoByProjectAndSterioType(java.lang.String,java.lang.String)
2019-01-07 16:49:24.540  INFO 3348 --- [restartedMain] s.w.s.m.m.a.RequestMappingHandlerMapping : Mapped "{[/msa/{projectId}/sterioTypes/{sterioTypeValues}],methods=[GET]}" onto public org.springframework.http.ResponseEntity<java.util.List<com.hcl.msa.entity.ClassInfo>> com.hcl.msa.controller.ClassInfoController.getClassInfoByProjectAndSterioTypeList(java.lang.String,java.lang.String[])
2019-01-07 16:49:24.542  INFO 3348 --- [restartedMain] s.w.s.m.m.a.RequestMappingHandlerMapping : Mapped "{[/msa/classinfos/{projectId}/transactionInfo],methods=[GET]}" onto public org.springframework.http.ResponseEntity<java.util.List<com.hcl.msa.entity.ClassInfo>> com.hcl.msa.controller.ClassInfoController.getClassInfoByProjectAndTransaction(java.lang.String)
2019-01-07 16:49:24.545  INFO 3348 --- [restartedMain] s.w.s.m.m.a.RequestMappingHandlerMapping : Mapped "{[/msa/classinfos/{projectId}/integrationInfo],methods=[GET]}" onto public org.springframework.http.ResponseEntity<java.util.List<com.hcl.msa.entity.ClassInfo>> com.hcl.msa.controller.ClassInfoController.getClassInfoByProjectAndIntegrationComp(java.lang.String)
2019-01-07 16:49:24.548  INFO 3348 --- [restartedMain] s.w.s.m.m.a.RequestMappingHandlerMapping : Mapped "{[/msa/classinfo/{projectId}/getSource/{className}],methods=[GET]}" onto public org.springframework.http.ResponseEntity<java.util.List<com.hcl.msa.entity.ClassInfo>> com.hcl.msa.controller.ClassInfoController.getClassSourceByProjectIdAndClassName(java.lang.String,java.lang.String)
2019-01-07 16:49:24.549  INFO 3348 --- [restartedMain] s.w.s.m.m.a.RequestMappingHandlerMapping : Mapped "{[/msa/classinfo/{name}/{packageName}],methods=[GET]}" onto public org.springframework.http.ResponseEntity<com.hcl.msa.entity.ClassInfo> com.hcl.msa.controller.ClassInfoController.getClassInfoByNameAndPackage(java.lang.String,java.lang.String)
2019-01-07 16:49:24.551  INFO 3348 --- [restartedMain] s.w.s.m.m.a.RequestMappingHandlerMapping : Mapped "{[/msa/classinfos/{projectId}],methods=[GET]}" onto public org.springframework.http.ResponseEntity<java.util.List<com.hcl.msa.entity.ClassInfo>> com.hcl.msa.controller.ClassInfoController.getClassInfoByProjectId(java.lang.String)
2019-01-07 16:49:24.552  INFO 3348 --- [restartedMain] s.w.s.m.m.a.RequestMappingHandlerMapping : Mapped "{[/msa/updateSequences/{projectId}],methods=[GET]}" onto public org.springframework.http.ResponseEntity<java.util.List<com.hcl.msa.entity.ClassInfo>> com.hcl.msa.controller.ClassInfoController.updateCallSequences(java.lang.String)
2019-01-07 16:49:24.557  INFO 3348 --- [restartedMain] s.w.s.m.m.a.RequestMappingHandlerMapping : Mapped "{[/msa/dependencyInfo/{projectId}],methods=[GET]}" onto public org.springframework.http.ResponseEntity<java.util.List<com.hcl.msa.entity.DependencyInfo>> com.hcl.msa.controller.DependencyInfoController.getDependencyInfo(java.lang.String)
2019-01-07 16:49:24.558  INFO 3348 --- [restartedMain] s.w.s.m.m.a.RequestMappingHandlerMapping : Mapped "{[/msa/dependencyInfo],methods=[POST]}" onto public org.springframework.http.ResponseEntity<java.lang.String> com.hcl.msa.controller.DependencyInfoController.addDependencyInfo(java.util.List<com.hcl.msa.entity.DependencyInfo>,org.springframework.web.util.UriComponentsBuilder)
2019-01-07 16:49:24.568  INFO 3348 --- [restartedMain] s.w.s.m.m.a.RequestMappingHandlerMapping : Mapped "{[/msa/jobs],methods=[GET]}" onto public org.springframework.http.ResponseEntity<java.util.List<com.hcl.msa.entity.Job>> com.hcl.msa.controller.JobController.getAllJobs()
2019-01-07 16:49:24.575  INFO 3348 --- [restartedMain] s.w.s.m.m.a.RequestMappingHandlerMapping : Mapped "{[/msa/job],methods=[POST],produces=[application/json]}" onto public org.springframework.http.ResponseEntity<?> com.hcl.msa.controller.JobController.addProject(com.hcl.msa.entity.Job)
2019-01-07 16:49:24.577  INFO 3348 --- [restartedMain] s.w.s.m.m.a.RequestMappingHandlerMapping : Mapped "{[/msa/job],methods=[PUT],produces=[application/json]}" onto public org.springframework.http.ResponseEntity<?> com.hcl.msa.controller.JobController.updateJobInfo(com.hcl.msa.entity.Job)
2019-01-07 16:49:24.579  INFO 3348 --- [restartedMain] s.w.s.m.m.a.RequestMappingHandlerMapping : Mapped "{[/msa/projects/{projectId}],methods=[GET]}" onto public org.springframework.http.ResponseEntity<java.util.List<com.hcl.msa.entity.Job>> com.hcl.msa.controller.JobController.getAllJobsByProjectId(java.lang.String)
2019-01-07 16:49:24.593  INFO 3348 --- [restartedMain] s.w.s.m.m.a.RequestMappingHandlerMapping : Mapped "{[/msa/project],methods=[POST]}" onto public org.springframework.http.ResponseEntity<java.lang.String> com.hcl.msa.controller.ProjectController.addProject(com.hcl.msa.entity.Project,org.springframework.web.util.UriComponentsBuilder)
2019-01-07 16:49:24.595  INFO 3348 --- [restartedMain] s.w.s.m.m.a.RequestMappingHandlerMapping : Mapped "{[/msa/projects],methods=[GET]}" onto public org.springframework.http.ResponseEntity<java.util.List<com.hcl.msa.entity.Project>> com.hcl.msa.controller.ProjectController.getAllProjects()
2019-01-07 16:49:24.595  INFO 3348 --- [restartedMain] s.w.s.m.m.a.RequestMappingHandlerMapping : Mapped "{[/msa/technologies],methods=[GET]}" onto public org.springframework.http.ResponseEntity<java.util.List<com.hcl.msa.entity.TechnologyInfo>> com.hcl.msa.controller.ProjectController.getAllTechnologies()
2019-01-07 16:49:24.596  INFO 3348 --- [restartedMain] s.w.s.m.m.a.RequestMappingHandlerMapping : Mapped "{[/msa/projectSetting],methods=[POST]}" onto public org.springframework.http.ResponseEntity<java.lang.String> com.hcl.msa.controller.ProjectController.addProjectSetting(com.hcl.msa.entity.ProjectSetting,org.springframework.web.util.UriComponentsBuilder)
2019-01-07 16:49:24.597  INFO 3348 --- [restartedMain] s.w.s.m.m.a.RequestMappingHandlerMapping : Mapped "{[/msa/projectSetting/{projectName}],methods=[GET]}" onto public org.springframework.http.ResponseEntity<com.hcl.msa.entity.ProjectSetting> com.hcl.msa.controller.ProjectController.getProjectSetting(java.lang.String,org.springframework.web.util.UriComponentsBuilder)
2019-01-07 16:49:24.602  INFO 3348 --- [restartedMain] s.w.s.m.m.a.RequestMappingHandlerMapping : Mapped "{[/msa/projectFileInfo],methods=[POST]}" onto public org.springframework.http.ResponseEntity<java.lang.String> com.hcl.msa.controller.ProjectFileInfoController.addProjectFileInfo(java.util.List<com.hcl.msa.entity.ProjectFileInfo>,org.springframework.web.util.UriComponentsBuilder)
2019-01-07 16:49:24.603  INFO 3348 --- [restartedMain] s.w.s.m.m.a.RequestMappingHandlerMapping : Mapped "{[/v2/api-docs],methods=[GET],produces=[application/json || application/hal+json]}" onto public org.springframework.http.ResponseEntity<springfox.documentation.spring.web.json.Json> springfox.documentation.swagger2.web.Swagger2Controller.getDocumentation(java.lang.String,javax.servlet.http.HttpServletRequest)
2019-01-07 16:49:24.612  INFO 3348 --- [restartedMain] s.w.s.m.m.a.RequestMappingHandlerMapping : Mapped "{[/configuration/security]}" onto org.springframework.http.ResponseEntity<springfox.documentation.swagger.web.SecurityConfiguration> springfox.documentation.swagger.web.ApiResourceController.securityConfiguration()
2019-01-07 16:49:24.615  INFO 3348 --- [restartedMain] s.w.s.m.m.a.RequestMappingHandlerMapping : Mapped "{[/configuration/ui]}" onto org.springframework.http.ResponseEntity<springfox.documentation.swagger.web.UiConfiguration> springfox.documentation.swagger.web.ApiResourceController.uiConfiguration()
2019-01-07 16:49:24.617  INFO 3348 --- [restartedMain] s.w.s.m.m.a.RequestMappingHandlerMapping : Mapped "{[/swagger-resources]}" onto org.springframework.http.ResponseEntity<java.util.List<springfox.documentation.swagger.web.SwaggerResource>> springfox.documentation.swagger.web.ApiResourceController.swaggerResources()
2019-01-07 16:49:24.626  INFO 3348 --- [restartedMain] s.w.s.m.m.a.RequestMappingHandlerMapping : Mapped "{[/error]}" onto public org.springframework.http.ResponseEntity<java.util.Map<java.lang.String, java.lang.Object>> org.springframework.boot.autoconfigure.web.BasicErrorController.error(javax.servlet.http.HttpServletRequest)
2019-01-07 16:49:24.626  INFO 3348 --- [restartedMain] s.w.s.m.m.a.RequestMappingHandlerMapping : Mapped "{[/error],produces=[text/html]}" onto public org.springframework.web.servlet.ModelAndView org.springframework.boot.autoconfigure.web.BasicErrorController.errorHtml(javax.servlet.http.HttpServletRequest,javax.servlet.http.HttpServletResponse)
2019-01-07 16:49:28.228  INFO 3348 --- [restartedMain] s.w.s.m.m.a.RequestMappingHandlerAdapter : Looking for @ControllerAdvice: org.springframework.boot.context.embedded.AnnotationConfigEmbeddedWebApplicationContext@47ad4d20: startup date [Mon Jan 07 16:48:48 IST 2019]; root of context hierarchy
2019-01-07 16:49:28.817  INFO 3348 --- [restartedMain] o.s.w.s.handler.SimpleUrlHandlerMapping  : Mapped URL path [/webjars/**] onto handler of type [class org.springframework.web.servlet.resource.ResourceHttpRequestHandler]
2019-01-07 16:49:28.823  INFO 3348 --- [restartedMain] o.s.w.s.handler.SimpleUrlHandlerMapping  : Mapped URL path [/**] onto handler of type [class org.springframework.web.servlet.resource.ResourceHttpRequestHandler]
2019-01-07 16:49:29.212  INFO 3348 --- [restartedMain] o.s.w.s.handler.SimpleUrlHandlerMapping  : Mapped URL path [/**/favicon.ico] onto handler of type [class org.springframework.web.servlet.resource.ResourceHttpRequestHandler]
2019-01-07 16:49:30.193  INFO 3348 --- [restartedMain] o.s.b.d.a.OptionalLiveReloadServer       : LiveReload server is running on port 35729
2019-01-07 16:49:30.365  INFO 3348 --- [restartedMain] o.s.j.e.a.AnnotationMBeanExporter        : Registering beans for JMX exposure on startup
2019-01-07 16:49:30.405  INFO 3348 --- [restartedMain] d.s.w.p.DocumentationPluginsBootstrapper : Context refreshed
2019-01-07 16:49:30.470  INFO 3348 --- [restartedMain] d.s.w.p.DocumentationPluginsBootstrapper : Found 1 custom documentation plugin(s)
2019-01-07 16:49:30.502  INFO 3348 --- [restartedMain] s.d.s.w.s.ApiListingReferenceScanner     : Scanning for api listing references
2019-01-07 16:49:31.127  INFO 3348 --- [restartedMain] .d.s.w.r.o.CachingOperationNameGenerator : Generating unique operation named: getClassInfoByProjectAndSterioTypeUsingGET_1
2019-01-07 16:49:31.440  INFO 3348 --- [restartedMain] .d.s.w.r.o.CachingOperationNameGenerator : Generating unique operation named: addProjectUsingPOST_1
2019-01-07 16:49:31.741  INFO 3348 --- [restartedMain] s.b.c.e.t.TomcatEmbeddedServletContainer : Tomcat started on port(s): 9090 (http)
2019-01-07 16:49:31.765  INFO 3348 --- [restartedMain] com.hcl.msa.MSARestApplication           : Started MSARestApplication in 46.088 seconds (JVM running for 47.748)
